<?xml version="1.0" encoding="UTF-8"?>
<!-- Generated by org.testng.reporters.JUnitReportReporter -->
<testsuite hostname="DESKTOP-T6103TI" failures="0" tests="2" name="objectRepo.PageObject" time="31.826" errors="0" timestamp="2020-05-19T18:03:13 IST" skipped="0">
  <testcase classname="objectRepo.PageObject" name="loginPage" time="19.909"/>
  <testcase classname="objectRepo.PageObject" name="loginPage" time="11.917"/>
</testsuite> <!-- objectRepo.PageObject -->
